Your macro version is 1.38


display type: retina
Screen coordinates: 2880x1800
[19:25:32] Macro started - Report - exih_macro 1.38
Screen Coordinates: 2880x1800
Python Version: 3.9.5
OCR for Custom
[[[[[86.0, 20.0], [134.0, 20.0], [134.0, 66.0], [86.0, 66.0]], ('28', 0.9999353885650635)]]]
OCR for Custom
[[[[[85.0, 21.0], [133.0, 18.0], [135.0, 66.0], [87.0, 69.0]], ('28', 0.9999076724052429)]]]
OCR for Custom
[[[[[85.0, 20.0], [135.0, 20.0], [135.0, 68.0], [85.0, 68.0]], ('28', 0.9998930096626282)]]]
OCR for Custom
[[[[[86.0, 20.0], [134.0, 20.0], [134.0, 66.0], [86.0, 66.0]], ('28', 0.9999353885650635)]]]
OCR for Custom
[[[[[86.0, 20.0], [134.0, 20.0], [134.0, 66.0], [86.0, 66.0]], ('28', 0.9999353885650635)]]]
OCR for Custom
[[[[[86.0, 20.0], [134.0, 20.0], [134.0, 66.0], [86.0, 66.0]], ('28', 0.9999353885650635)]]]
OCR for Custom
[[[[[86.0, 20.0], [134.0, 20.0], [134.0, 66.0], [86.0, 66.0]], ('28', 0.9999353885650635)]]]
OCR for Custom
[[[[[85.0, 21.0], [133.0, 18.0], [135.0, 66.0], [87.0, 69.0]], ('28', 0.9999075531959534)]]]
PyNaCl is not installed, voice will NOT be supported
logging in using static token
Session Start
Shard ID None has connected to Gateway (Session ID: b6f4390ddba9f8997911017d4ab0693c).
OCR for Custom
[[[[[86.0, 20.0], [134.0, 20.0], [134.0, 66.0], [86.0, 66.0]], ('28', 0.9999353885650635)]]]
OCR for Custom
[[[[[86.0, 20.0], [134.0, 20.0], [134.0, 66.0], [86.0, 66.0]], ('28', 0.9999353885650635)]]]
OCR for Custom
[[[[[86.0, 20.0], [134.0, 20.0], [134.0, 66.0], [86.0, 66.0]], ('28', 0.9999353885650635)]]]
OCR for Custom
[[[[[86.0, 20.0], [134.0, 20.0], [134.0, 66.0], [86.0, 66.0]], ('28', 0.9999353885650635)]]]
OCR for Custom
[[[[[86.0, 20.0], [134.0, 20.0], [134.0, 66.0], [86.0, 66.0]], ('28', 0.9999353885650635)]]]
OCR for Custom
[[[[[86.0, 20.0], [134.0, 20.0], [134.0, 66.0], [86.0, 66.0]], ('28', 0.9999353885650635)]]]
OCR for Custom
[[[[[86.0, 20.0], [134.0, 20.0], [134.0, 66.0], [86.0, 66.0]], ('28', 0.9999353885650635)]]]
[19:26:08]  - Opening Stats
OCR for Custom
[[[[[86.0, 20.0], [134.0, 20.0], [134.0, 66.0], [86.0, 66.0]], ('28', 0.9999353885650635)]]]
OCR for Custom
[[[[[86.0, 20.0], [134.0, 20.0], [134.0, 66.0], [86.0, 66.0]], ('28', 0.9999353885650635)]]]
OCR for Custom
[[[[[86.0, 20.0], [134.0, 20.0], [134.0, 66.0], [86.0, 66.0]], ('28', 0.9999353885650635)]]]
OCR for Custom
[[[[[13.0, 36.0], [350.0, 37.0], [350.0, 54.0], [13.0, 53.0]], ('instant riaine conv:', 0.8658523559570312)], [[[447.0, 35.0], [495.0, 38.0], [494.0, 61.0], [446.0, 58.0]], ('0%', 0.9739768505096436)], [[[14.0, 98.0], [368.0, 98.0], [368.0, 126.0], [14.0, 126.0]], ('Instant Bubble Conv:', 0.9951735734939575)], [[[447.0, 95.0], [517.0, 95.0], [517.0, 133.0], [447.0, 133.0]], ('25%', 0.999839723110199)], [[[14.0, 170.0], [314.0, 170.0], [314.0, 200.0], [14.0, 200.0]], ('Honey Per Pollen:', 0.9905385375022888)], [[[449.0, 170.0], [537.0, 170.0], [537.0, 203.0], [449.0, 203.0]], ('127%', 0.9997470378875732)]]]
OCR for Custom
[[[[[86.0, 20.0], [134.0, 20.0], [134.0, 66.0], [86.0, 66.0]], ('28', 0.9999353885650635)]]]
OCR for Custom
[[[[[7.0, 41.0], [114.0, 41.0], [114.0, 79.0], [7.0, 79.0]], ('Stats:', 0.9997663497924805)]]]
OCR for Custom
[[]]
OCR for Custom
[[[[[2.0, 27.0], [43.0, 26.0], [45.0, 84.0], [4.0, 86.0]], ('6', 0.9974672794342041)]]]
[11649463909746, 11649463909746, 11649463909746, 11649463909746, 11649463909746, 11649463909746, 11649463909746, 11649463909746, 11649463909746, 11649463909746, 11649463909746, 11649463909746, 11649463909746, 11649463909746, 11649463909746, 11649463909746, 11649463909746, 11649463909746, 11649463909746, 11649463909746, 11649463909746, 11649463909746, 11649463909746, 11649463909746, 11649463909746, 11649463909746, 11649463909746, 11649463909746, 11649463909746, 11649463909746, 11649463909746, 11649463909746, 11649463909746, 11649463909746, 11649463909746, 11649463909746, 11649463909746, 11649463909746, 11649463909746, 11649463909746, 11649463909746, 11649463909746, 11649463909746, 11649463909746, 11649463909746, 11649463909746, 11649463909746, 11649463909746, 11649463909746, 11649463909746, 11649463909746, 11649463909746, 11649463909746, 11649463909746, 11649463909746, 11649463909746, 11649463909746, 11649463909746, 11649463909746, 11649463909746]
OCR for Custom
[[]]
OCR for Custom
[[[[[89.0, 50.0], [155.0, 50.0], [155.0, 79.0], [89.0, 79.0]], ('55%', 0.9998674988746643)]]]
OCR for disconnect


OCR for Custom
[[[[[86.0, 32.0], [137.0, 32.0], [137.0, 79.0], [86.0, 79.0]], ('0%', 0.999329149723053)]]]
OCR for Custom
[[[[[86.0, 32.0], [137.0, 32.0], [137.0, 79.0], [86.0, 79.0]], ('0%', 0.9993343949317932)]]]
OCR for disconnect


OCR for Custom
[[[[[86.0, 32.0], [137.0, 32.0], [137.0, 78.0], [86.0, 78.0]], ('0%', 0.9990130662918091)]]]
OCR for Custom
[[[[[12.0, 38.0], [352.0, 39.0], [352.0, 66.0], [12.0, 65.0]], ('Instant White Conv:', 0.9996346831321716)], [[[14.0, 111.0], [313.0, 111.0], [313.0, 136.0], [14.0, 136.0]], ('Instant Red Conv:', 0.9989299774169922)], [[[13.0, 182.0], [333.0, 182.0], [333.0, 209.0], [13.0, 209.0]], ('Instant Blue Conv:', 0.9954118728637695)], [[[12.0, 254.0], [332.0, 254.0], [332.0, 281.0], [12.0, 281.0]], ('Instant Bomb Conv:', 0.9812663197517395)], [[[12.0, 325.0], [351.0, 326.0], [351.0, 354.0], [12.0, 353.0]], ('Instant Flame Conv:', 0.9798073172569275)], [[[12.0, 397.0], [369.0, 398.0], [368.0, 425.0], [12.0, 424.0]], ('Instant Bubble Conv:', 0.9842036962509155)], [[[11.0, 469.0], [314.0, 467.0], [314.0, 497.0], [11.0, 499.0]], ('Honey Per Pollen:', 0.999715268611908)], [[[11.0, 538.0], [262.0, 538.0], [262.0, 573.0], [11.0, 573.0]], ('Honey At Hive:', 0.9999116659164429)], [[[10.0, 613.0], [190.0, 613.0], [190.0, 644.0], [10.0, 644.0]], ('Movespeed:', 0.9990707635879517)], [[[13.0, 683.0], [409.0, 695.0], [408.0, 730.0], [12.0, 717.0]], ('Jump Po Multiplies attack of all', 0.9443168640136719)], [[[11.0, 755.0], [154.0, 755.0], [154.0, 786.0], [11.0, 786.0]], ('Defense:', 0.9995660185813904)], [[[12.0, 827.0], [314.0, 829.0], [314.0, 857.0], [12.0, 855.0]], ('Bond From Treats:', 0.969216525554657)]]]
OCR for Custom
[[[[[86.0, 32.0], [136.0, 32.0], [136.0, 78.0], [86.0, 78.0]], ('0%', 0.9990768432617188)]]]
OCR for Custom
[[[[[86.0, 31.0], [136.0, 31.0], [136.0, 79.0], [86.0, 79.0]], ('0%', 0.9987473487854004)]]]
OCR for disconnect

17
OCR for Custom
[[[[[86.0, 31.0], [136.0, 31.0], [136.0, 79.0], [86.0, 79.0]], ('0%', 0.9987473487854004)]]]
OCR for Custom
[[[[[86.0, 32.0], [136.0, 32.0], [136.0, 78.0], [86.0, 78.0]], ('0%', 0.9990768432617188)]]]
OCR for Custom
[[[[[86.0, 31.0], [136.0, 31.0], [136.0, 79.0], [86.0, 79.0]], ('0%', 0.9987473487854004)]]]
OCR for disconnect


OCR for Custom
[[[[[86.0, 31.0], [137.0, 31.0], [137.0, 79.0], [86.0, 79.0]], ('0%', 0.9987398386001587)]]]
OCR for Custom
[[[[[257.0, 88.0], [295.0, 88.0], [295.0, 128.0], [257.0, 128.0]], ('C', 0.5262647271156311)], [[[15.0, 120.0], [72.0, 120.0], [72.0, 146.0], [15.0, 146.0]], ('x5.36', 0.9170374870300293)], [[[90.0, 116.0], [145.0, 116.0], [145.0, 137.0], [90.0, 137.0]], ('x30', 0.9340446591377258)], [[[156.0, 124.0], [224.0, 124.0], [224.0, 142.0], [156.0, 142.0]], ('x1000', 0.9263068437576294)], [[[316.0, 118.0], [376.0, 118.0], [376.0, 146.0], [316.0, 146.0]], ('x221', 0.9878184795379639)], [[[149.0, 201.0], [182.0, 201.0], [182.0, 238.0], [149.0, 238.0]], ('?', 0.9443497657775879)], [[[15.0, 300.0], [350.0, 300.0], [350.0, 326.0], [15.0, 326.0]], ('Instant White Conv:', 0.9970116019248962)], [[[11.0, 364.0], [319.0, 364.0], [319.0, 401.0], [11.0, 401.0]], ('Instant Red Conv:', 0.994925320148468)], [[[11.0, 435.0], [336.0, 439.0], [336.0, 471.0], [11.0, 467.0]], ('Instant Blue Conv:', 0.9997678399085999)], [[[11.0, 508.0], [336.0, 510.0], [336.0, 544.0], [11.0, 542.0]], ('Instant Bomb Conv:', 0.9729890823364258)], [[[9.0, 579.0], [356.0, 581.0], [356.0, 619.0], [9.0, 617.0]], ('Instant Flame Conv:', 0.9971591830253601)], [[[13.0, 654.0], [371.0, 654.0], [371.0, 686.0], [13.0, 686.0]], ('Instant Bubble Conv:', 0.9980489611625671)], [[[9.0, 724.0], [319.0, 724.0], [319.0, 761.0], [9.0, 761.0]], ('Honey Per Pollen:', 0.9999462366104126)], [[[6.0, 793.0], [266.0, 797.0], [266.0, 835.0], [5.0, 830.0]], ('Honey At Hive:', 0.9921758770942688)], [[[7.0, 866.0], [191.0, 866.0], [191.0, 906.0], [7.0, 906.0]], ('Movespeed:', 0.999477744102478)], [[[11.0, 937.0], [111.0, 946.0], [108.0, 981.0], [8.0, 972.0]], ('Jump I', 0.9016998410224915)], [[[105.0, 949.0], [406.0, 951.0], [405.0, 983.0], [105.0, 981.0]], ('Po Multiplies attack of all', 0.9824880957603455)], [[[11.0, 1012.0], [154.0, 1012.0], [154.0, 1046.0], [11.0, 1046.0]], ('Defense:', 0.9997206330299377)], [[[9.0, 1084.0], [317.0, 1086.0], [317.0, 1119.0], [9.0, 1117.0]], ('Bond From Treats:', 0.9988633394241333)], [[[11.0, 1159.0], [317.0, 1159.0], [317.0, 1191.0], [11.0, 1191.0]], ('Bond From Battle:', 0.9996746182441711)], [[[9.0, 1228.0], [336.0, 1228.0], [336.0, 1266.0], [9.0, 1266.0]], ('Honey From Tokens:', 0.9999048709869385)], [[[9.0, 1299.0], [211.0, 1299.0], [211.0, 1337.0], [9.0, 1337.0]], ('Bee Attack:', 0.9999043941497803)], [[[8.0, 1368.0], [211.0, 1373.0], [211.0, 1410.0], [7.0, 1406.0]], ('Red Attack:', 0.9996082782745361)], [[[8.0, 1440.0], [228.0, 1444.0], [227.0, 1483.0], [7.0, 1479.0]], ('Blue Attack:', 0.9999258518218994)], [[[11.0, 1519.0], [316.0, 1519.0], [316.0, 1551.0], [11.0, 1551.0]], ('Colorless Attack:', 0.9997810125350952)]]]
OCR for Custom
[[[[[86.0, 31.0], [136.0, 31.0], [136.0, 79.0], [86.0, 79.0]], ('0%', 0.9987473487854004)]]]
OCR for disconnect


[19:26:42]  - Resetting character, Attempt: 1
OCR for Custom
[[[[[86.0, 32.0], [137.0, 32.0], [137.0, 78.0], [86.0, 78.0]], ('0%', 0.9990130662918091)]]]
OCR for Custom
[[[[[88.0, 20.0], [177.0, 23.0], [176.0, 64.0], [87.0, 61.0]], ('40.8', 0.9998984336853027)]]]
OCR for disconnect


OCR for Custom
[[[[[89.0, 24.0], [176.0, 24.0], [176.0, 59.0], [89.0, 59.0]], ('33.6', 0.9999666213989258)]]]
OCR for Custom
[[[[[89.0, 24.0], [176.0, 24.0], [176.0, 59.0], [89.0, 59.0]], ('33.6', 0.9999666213989258)]]]
OCR for disconnect


OCR for Custom
[[[[[89.0, 24.0], [176.0, 24.0], [176.0, 59.0], [89.0, 59.0]], ('33.6', 0.9999666213989258)]]]
OCR for Custom
[[[[[89.0, 24.0], [176.0, 24.0], [176.0, 59.0], [89.0, 59.0]], ('33.6', 0.9999666213989258)]]]
OCR for Custom
[[[[[85.0, 21.0], [133.0, 18.0], [135.0, 66.0], [87.0, 69.0]], ('28', 0.9999101758003235)]]]
OCR for disconnect


OCR for Custom
[[[[[86.0, 20.0], [134.0, 20.0], [134.0, 66.0], [86.0, 66.0]], ('28', 0.9999353885650635)]]]
(110, 110, 114)
OCR for Custom
[[[[[85.0, 21.0], [133.0, 18.0], [135.0, 66.0], [87.0, 69.0]], ('28', 0.9999141693115234)]]]
(132, 113, 43)
OCR for Custom
[[[[[86.0, 20.0], [134.0, 20.0], [134.0, 66.0], [86.0, 66.0]], ('28', 0.9999353885650635)]]]
OCR for disconnect

0Z8H
E
[19:26:55]  - Starting convert
OCR for Custom
[[[[[86.0, 20.0], [134.0, 20.0], [134.0, 66.0], [86.0, 66.0]], ('28', 0.9999353885650635)]]]
OCR for Custom
[[[[[86.0, 20.0], [134.0, 20.0], [134.0, 66.0], [86.0, 66.0]], ('28', 0.9999353885650635)]]]
OCR for Custom
[[[[[86.0, 20.0], [134.0, 20.0], [134.0, 66.0], [86.0, 66.0]], ('28', 0.9999353885650635)]]]
ToM
[19:27:00]  - Convert done
OCR for disconnect

token slav10
OCR for Custom
[[[[[86.0, 20.0], [134.0, 20.0], [134.0, 66.0], [86.0, 66.0]], ('28', 0.9999353885650635)]]]
11649469321007
OCR for Custom
[[[[[86.0, 20.0], [134.0, 20.0], [134.0, 66.0], [86.0, 66.0]], ('28', 0.9999353885650635)]]]
[19:27:04]  - Moving to canon
OCR for Custom
[[[[[86.0, 20.0], [134.0, 20.0], [134.0, 66.0], [86.0, 66.0]], ('28', 0.9999353885650635)]]]
OCR for Custom
[[[[[89.0, 24.0], [176.0, 24.0], [176.0, 60.0], [89.0, 60.0]], ('30.8', 0.9999402761459351)]]]
OCR for Custom
[[[[[89.0, 22.0], [177.0, 22.0], [177.0, 64.0], [89.0, 64.0]], ('30.8', 0.9999276399612427)]]]
OCR for disconnect

20tokenslav10710
OCR for Custom
[[[[[88.0, 23.0], [175.0, 20.0], [176.0, 60.0], [89.0, 63.0]], ('30.8', 0.9999696612358093)]]]

OCR for Custom
[[[[[90.0, 24.0], [175.0, 24.0], [175.0, 60.0], [90.0, 60.0]], ('30.8', 0.999903678894043)]]]

OCR for Custom
[[[[[89.0, 22.0], [177.0, 22.0], [177.0, 62.0], [89.0, 62.0]], ('30.8', 0.9999625086784363)]]]
E
OCR for disconnect


OCR for Custom
[[[[[90.0, 24.0], [175.0, 24.0], [175.0, 60.0], [90.0, 60.0]], ('30.8', 0.999903678894043)]]]
OCR for Custom
[[[[[89.0, 22.0], [177.0, 22.0], [177.0, 62.0], [89.0, 62.0]], ('30.8', 0.9999625086784363)]]]
OCR for bee bear

Fire the Red Cannon
[19:27:21]  - Canon found
[19:27:22]  - Traveling: pine tree
OCR for Custom
[[[[[89.0, 22.0], [177.0, 22.0], [177.0, 62.0], [89.0, 62.0]], ('30.8', 0.9999625086784363)]]]
OCR for disconnect


OCR for Custom
[[[[[89.0, 22.0], [176.0, 22.0], [176.0, 62.0], [89.0, 62.0]], ('30.8', 0.9999597072601318)]]]
OCR for Custom
[[[[[90.0, 24.0], [175.0, 24.0], [175.0, 60.0], [90.0, 60.0]], ('30.8', 0.999903678894043)]]]
OCR for disconnect

C164384903
OCR for Custom
[[[[[87.0, 22.0], [133.0, 22.0], [133.0, 65.0], [87.0, 65.0]], ('28', 0.9999489188194275)]]]
OCR for Custom
[[[[[87.0, 22.0], [133.0, 22.0], [133.0, 65.0], [87.0, 65.0]], ('28', 0.9999489188194275)]]]
OCR for Custom
[[[[[85.0, 21.0], [133.0, 18.0], [135.0, 66.0], [87.0, 69.0]], ('28', 0.9999107122421265)]]]
OCR for disconnect

131303
OCR for Custom
[[[[[86.0, 20.0], [134.0, 20.0], [134.0, 66.0], [86.0, 66.0]], ('28', 0.9999353885650635)]]]
OCR for Custom
[[[[[86.0, 20.0], [134.0, 20.0], [134.0, 66.0], [86.0, 66.0]], ('28', 0.9999353885650635)]]]
OCR for Custom
[[[[[86.0, 20.0], [134.0, 20.0], [134.0, 66.0], [86.0, 66.0]], ('28', 0.9999353885650635)]]]
OCR for disconnect


OCR for Custom
[[[[[84.0, 22.0], [132.0, 18.0], [135.0, 64.0], [87.0, 68.0]], ('28', 0.9999555945396423)]]]
OCR for Custom
[[[[[86.0, 20.0], [134.0, 20.0], [134.0, 66.0], [86.0, 66.0]], ('28', 0.9999353885650635)]]]
[19:27:37] Gathering: pine tree - Limit: 15.00 - e_lol - Backpack: 95%
OCR for Custom
[[[[[86.0, 20.0], [134.0, 20.0], [134.0, 66.0], [86.0, 66.0]], ('28', 0.9999353885650635)]]]
OCR for disconnect


Pixel Colour: 7040624, Backpack Percentage: 0.
OCR for Custom
[[[[[86.0, 20.0], [134.0, 20.0], [134.0, 68.0], [86.0, 68.0]], ('28', 0.9999210834503174)]]]
OCR for Custom
[[[[[84.0, 22.0], [132.0, 18.0], [135.0, 64.0], [87.0, 68.0]], ('28', 0.999954879283905)]]]
OCR for Custom
[[[[[85.0, 21.0], [133.0, 18.0], [135.0, 66.0], [87.0, 69.0]], ('28', 0.9999086260795593)]]]
OCR for Custom
[[[[[86.0, 20.0], [134.0, 20.0], [134.0, 66.0], [86.0, 66.0]], ('28', 0.9999353885650635)]]]
OCR for disconnect

100+100+100+100+100000+10100+10010+100+1000*1000+101+1U10000
Pixel Colour: 7040625, Backpack Percentage: 0.
OCR for Custom
[[[[[86.0, 20.0], [134.0, 20.0], [134.0, 68.0], [86.0, 68.0]], ('28', 0.9999212026596069)]]]
OCR for Custom
[[[[[90.0, 24.0], [176.0, 24.0], [176.0, 60.0], [90.0, 60.0]], ('30.8', 0.9999094605445862)]]]
OCR for Custom
[[[[[89.0, 22.0], [176.0, 22.0], [176.0, 62.0], [89.0, 62.0]], ('30.8', 0.9999597072601318)]]]
OCR for Custom
[[[[[89.0, 22.0], [177.0, 22.0], [177.0, 62.0], [89.0, 62.0]], ('30.8', 0.9999625086784363)]]]
OCR for disconnect


Pixel Colour: 7040625, Backpack Percentage: 0.
OCR for Custom
[[[[[89.0, 22.0], [177.0, 22.0], [177.0, 62.0], [89.0, 62.0]], ('30.8', 0.9999625086784363)]]]
OCR for Custom
[[[[[89.0, 22.0], [177.0, 22.0], [177.0, 64.0], [89.0, 64.0]], ('30.8', 0.9999276399612427)]]]
OCR for Custom
[[[[[90.0, 24.0], [175.0, 24.0], [175.0, 60.0], [90.0, 60.0]], ('30.8', 0.999903678894043)]]]
OCR for disconnect

19+174
Pixel Colour: 7040625, Backpack Percentage: 0.
OCR for Custom
[[[[[89.0, 22.0], [177.0, 22.0], [177.0, 62.0], [89.0, 62.0]], ('30.8', 0.9999625086784363)]]]
11649535882390
OCR for Custom
[[[[[89.0, 22.0], [177.0, 22.0], [177.0, 62.0], [89.0, 62.0]], ('30.8', 0.9999625086784363)]]]
OCR for Custom
[[[[[89.0, 22.0], [177.0, 22.0], [177.0, 62.0], [89.0, 62.0]], ('30.8', 0.9999625086784363)]]]
OCR for Custom
[[[[[86.0, 20.0], [134.0, 20.0], [134.0, 66.0], [86.0, 66.0]], ('28', 0.9999353885650635)]]]
OCR for disconnect

45token stay
Pixel Colour: 7040625, Backpack Percentage: 0.
OCR for Custom
[[[[[86.0, 20.0], [134.0, 20.0], [134.0, 66.0], [86.0, 66.0]], ('28', 0.9999353885650635)]]]
OCR for Custom
[[[[[86.0, 20.0], [134.0, 20.0], [134.0, 66.0], [86.0, 66.0]], ('28', 0.9999353885650635)]]]
OCR for Custom
[[[[[86.0, 20.0], [134.0, 20.0], [134.0, 66.0], [86.0, 66.0]], ('28', 0.9999353885650635)]]]
OCR for disconnect

27
Pixel Colour: 7040625, Backpack Percentage: 0.
OCR for Custom
[[[[[87.0, 22.0], [133.0, 22.0], [133.0, 65.0], [87.0, 65.0]], ('28', 0.9999489188194275)]]]
OCR for Custom
[[[[[86.0, 20.0], [134.0, 20.0], [134.0, 66.0], [86.0, 66.0]], ('34', 0.9999541640281677)]]]
OCR for Custom
[[[[[86.0, 20.0], [135.0, 20.0], [135.0, 66.0], [86.0, 66.0]], ('34', 0.9999581575393677)]]]
OCR for disconnect


Pixel Colour: 7040625, Backpack Percentage: 0.
OCR for Custom
[[[[[86.0, 20.0], [135.0, 20.0], [135.0, 66.0], [86.0, 66.0]], ('34', 0.9999581575393677)]]]
OCR for Custom
[[[[[86.0, 20.0], [135.0, 20.0], [135.0, 66.0], [86.0, 66.0]], ('34', 0.9999581575393677)]]]
OCR for Custom
[[[[[86.0, 20.0], [134.0, 20.0], [134.0, 66.0], [86.0, 66.0]], ('34', 0.9999541640281677)]]]
OCR for disconnect

121
Pixel Colour: 7040625, Backpack Percentage: 0.
OCR for Custom
[[[[[86.0, 20.0], [134.0, 20.0], [134.0, 66.0], [86.0, 66.0]], ('34', 0.9999541640281677)]]]
OCR for Custom
[[[[[87.0, 21.0], [133.0, 21.0], [133.0, 64.0], [87.0, 64.0]], ('34', 0.9999445080757141)]]]
OCR for Custom
[[[[[86.0, 20.0], [134.0, 20.0], [134.0, 66.0], [86.0, 66.0]], ('34', 0.9999541640281677)]]]
OCR for disconnect

57
Pixel Colour: 6777192, Backpack Percentage: 0.
OCR for Custom
[[[[[86.0, 20.0], [134.0, 20.0], [134.0, 66.0], [86.0, 66.0]], ('34', 0.9999541640281677)]]]
OCR for Custom
[[[[[86.0, 20.0], [134.0, 20.0], [134.0, 66.0], [86.0, 66.0]], ('34', 0.9999541640281677)]]]
OCR for Custom
[[[[[86.0, 20.0], [135.0, 20.0], [135.0, 66.0], [86.0, 66.0]], ('34', 0.9999581575393677)]]]
OCR for disconnect


Pixel Colour: 7106417, Backpack Percentage: 0.
OCR for Custom
[[[[[86.0, 20.0], [135.0, 20.0], [135.0, 66.0], [86.0, 66.0]], ('34', 0.9999581575393677)]]]
OCR for Custom
[[[[[86.0, 20.0], [134.0, 20.0], [134.0, 66.0], [86.0, 66.0]], ('34', 0.9999541640281677)]]]
OCR for Custom
[[[[[86.0, 20.0], [134.0, 20.0], [134.0, 66.0], [86.0, 66.0]], ('28', 0.9999353885650635)]]]
OCR for disconnect

+124token sla+124
Pixel Colour: 6711400, Backpack Percentage: 0.
OCR for Custom
[[[[[86.0, 20.0], [134.0, 20.0], [134.0, 66.0], [86.0, 66.0]], ('28', 0.9999353885650635)]]]
OCR for Custom
[[[[[86.0, 20.0], [134.0, 20.0], [134.0, 66.0], [86.0, 66.0]], ('28', 0.9999353885650635)]]]
OCR for Custom
[[[[[87.0, 22.0], [133.0, 22.0], [133.0, 65.0], [87.0, 65.0]], ('28', 0.9999489188194275)]]]
OCR for Custom
[[[[[86.0, 20.0], [134.0, 20.0], [134.0, 66.0], [86.0, 66.0]], ('28', 0.9999353885650635)]]]
OCR for disconnect

tokenel.n
Pixel Colour: 6776937, Backpack Percentage: 0.
OCR for Custom
[[[[[86.0, 20.0], [134.0, 20.0], [134.0, 66.0], [86.0, 66.0]], ('34', 0.9999541640281677)]]]
OCR for Custom
[[[[[87.0, 21.0], [133.0, 21.0], [133.0, 64.0], [87.0, 64.0]], ('34', 0.9999445080757141)]]]
OCR for Custom
[[[[[86.0, 19.0], [134.0, 19.0], [134.0, 66.0], [86.0, 66.0]], ('34', 0.9999598860740662)]]]
OCR for disconnect


Pixel Colour: 8518291, Backpack Percentage: 50.
OCR for Custom
[[[[[86.0, 20.0], [135.0, 20.0], [135.0, 66.0], [86.0, 66.0]], ('34', 0.9999581575393677)]]]
11649879758697
OCR for Custom
[[[[[87.0, 20.0], [177.0, 23.0], [176.0, 64.0], [86.0, 61.0]], ('40.8', 0.9998729228973389)]]]
OCR for Custom
[[[[[86.0, 18.0], [178.0, 22.0], [177.0, 67.0], [85.0, 63.0]], ('40.8', 0.9998608827590942)]]]
OCR for Custom
[[[[[87.0, 20.0], [177.0, 23.0], [176.0, 64.0], [86.0, 61.0]], ('40.8', 0.9998729228973389)]]]
OCR for Custom
[[[[[87.0, 18.0], [178.0, 22.0], [177.0, 67.0], [86.0, 63.0]], ('44.2', 0.9998845458030701)]]]
OCR for disconnect

/309M+124M24'
Pixel Colour: 7040625, Backpack Percentage: 0.
OCR for Custom
[[[[[87.0, 18.0], [178.0, 22.0], [177.0, 68.0], [86.0, 65.0]], ('44.2', 0.9998878240585327)]]]
OCR for Custom
[[[[[87.0, 21.0], [178.0, 21.0], [178.0, 66.0], [87.0, 66.0]], ('44.2', 0.9998873472213745)]]]
OCR for Custom
[[[[[87.0, 18.0], [178.0, 22.0], [177.0, 68.0], [86.0, 65.0]], ('44.2', 0.9998877048492432)]]]
OCR for disconnect


Pixel Colour: 6711143, Backpack Percentage: 0.
OCR for Custom
[[[[[87.0, 18.0], [178.0, 22.0], [177.0, 67.0], [86.0, 63.0]], ('44.2', 0.9998845458030701)]]]
OCR for Custom
[[[[[87.0, 20.0], [177.0, 23.0], [176.0, 64.0], [86.0, 61.0]], ('47.6', 0.9999152421951294)]]]
OCR for Custom
[[[[[87.0, 20.0], [177.0, 23.0], [176.0, 64.0], [86.0, 61.0]], ('47.6', 0.9999152421951294)]]]
OCR for disconnect

token slav
Pixel Colour: 8518291, Backpack Percentage: 50.
OCR for Custom
[[[[[87.0, 20.0], [177.0, 23.0], [176.0, 64.0], [86.0, 61.0]], ('47.6', 0.9999152421951294)]]]
OCR for Custom
[[[[[90.0, 24.0], [176.0, 24.0], [176.0, 60.0], [90.0, 60.0]], ('39.2', 0.9999455809593201)]]]
OCR for Custom
[[[[[89.0, 22.0], [177.0, 22.0], [177.0, 62.0], [89.0, 62.0]], ('39.2', 0.9999345541000366)]]]
OCR for disconnect

token slay
Pixel Colour: 8518291, Backpack Percentage: 50.
OCR for Custom
[[[[[89.0, 22.0], [177.0, 22.0], [177.0, 64.0], [89.0, 64.0]], ('39.2', 0.9999355673789978)]]]
OCR for Custom
[[[[[90.0, 24.0], [176.0, 24.0], [176.0, 60.0], [90.0, 60.0]], ('39.2', 0.9999455809593201)]]]
OCR for Custom
[[[[[89.0, 22.0], [177.0, 22.0], [177.0, 62.0], [89.0, 62.0]], ('39.2', 0.9999345541000366)]]]
OCR for disconnect


Pixel Colour: 8518291, Backpack Percentage: 50.
OCR for Custom
[[[[[89.0, 24.0], [176.0, 24.0], [176.0, 60.0], [89.0, 60.0]], ('39.2', 0.9999593496322632)]]]
[19:29:42]  - Night Detected
OCR for Custom
[[[[[86.0, 20.0], [134.0, 20.0], [134.0, 66.0], [86.0, 66.0]], ('28', 0.9999353885650635)]]]
OCR for Custom
[[[[[86.0, 20.0], [134.0, 20.0], [134.0, 66.0], [86.0, 66.0]], ('28', 0.9999353885650635)]]]
OCR for disconnect

387Mtoken slav
Pixel Colour: 8518291, Backpack Percentage: 50.
OCR for Custom
[[[[[85.0, 21.0], [133.0, 18.0], [135.0, 66.0], [87.0, 69.0]], ('28', 0.999908983707428)]]]
OCR for Custom
[[[[[87.0, 22.0], [133.0, 22.0], [133.0, 64.0], [87.0, 64.0]], ('28', 0.9999676942825317)]]]
OCR for Custom
[[[[[87.0, 22.0], [133.0, 22.0], [133.0, 64.0], [87.0, 64.0]], ('28', 0.9999676942825317)]]]
OCR for disconnect


Pixel Colour: 8518291, Backpack Percentage: 50.
OCR for Custom
[[[[[86.0, 20.0], [134.0, 20.0], [134.0, 66.0], [86.0, 66.0]], ('28', 0.9999353885650635)]]]
OCR for Custom
[[[[[86.0, 20.0], [134.0, 20.0], [134.0, 66.0], [86.0, 66.0]], ('28', 0.9999353885650635)]]]
OCR for Custom
[[[[[87.0, 21.0], [133.0, 21.0], [133.0, 62.0], [87.0, 62.0]], ('34', 0.9999016523361206)]]]
OCR for disconnect

46.6M/299M46.4M /299M17.3M/297M
Pixel Colour: 8518291, Backpack Percentage: 50.
OCR for Custom
[[[[[86.0, 20.0], [134.0, 20.0], [134.0, 66.0], [86.0, 66.0]], ('34', 0.9999541640281677)]]]
OCR for Custom
[[[[[89.0, 25.0], [175.0, 22.0], [176.0, 60.0], [90.0, 63.0]], ('37.4', 0.9999380707740784)]]]
OCR for Custom
[[[[[90.0, 24.0], [176.0, 24.0], [176.0, 60.0], [90.0, 60.0]], ('37.4', 0.9998764991760254)]]]
OCR for disconnect

13tok51
Pixel Colour: 8518291, Backpack Percentage: 50.
OCR for Custom
[[[[[90.0, 24.0], [176.0, 24.0], [176.0, 60.0], [90.0, 60.0]], ('37.4', 0.9998764991760254)]]]
11650164334063
OCR for Custom
[[[[[88.0, 24.0], [176.0, 21.0], [177.0, 61.0], [89.0, 64.0]], ('37.4', 0.9999009966850281)]]]
OCR for Custom
[[[[[89.0, 25.0], [175.0, 22.0], [176.0, 60.0], [90.0, 63.0]], ('37.4', 0.9999380707740784)]]]
OCR for Custom
[[[[[90.0, 24.0], [176.0, 24.0], [176.0, 60.0], [90.0, 60.0]], ('37.4', 0.9998764991760254)]]]
[11649463909746, 11649463909746, 11649463909746, 11649463909746, 11649463909746, 11649463909746, 11649463909746, 11649463909746, 11649463909746, 11649463909746, 11649463909746, 11649463909746, 11649463909746, 11649463909746, 11649463909746, 11649463909746, 11649463909746, 11649463909746, 11649463909746, 11649463909746, 11649463909746, 11649463909746, 11649463909746, 11649463909746, 11649463909746, 11649463909746, 11649463909746, 11649469321007, 11649535882390, 11649879758697, 11650164334063, 11649463909746, 11649463909746, 11649463909746, 11649463909746, 11649463909746, 11649463909746, 11649463909746, 11649463909746, 11649463909746, 11649463909746, 11649463909746, 11649463909746, 11649463909746, 11649463909746, 11649463909746, 11649463909746, 11649463909746, 11649463909746, 11649463909746, 11649463909746, 11649463909746, 11649463909746, 11649463909746, 11649463909746, 11649463909746, 11649463909746, 11649463909746, 11649463909746, 11649463909746]
prev honey: 11649463909746
[11649463909746, 11649463909746, 11649463909746, 11649463909746, 11649463909746, 11649463909746, 11649463909746, 11649463909746, 11649463909746, 11649463909746, 11649463909746, 11649463909746, 11649463909746, 11649463909746, 11649463909746, 11649463909746, 11649463909746, 11649463909746, 11649463909746, 11649463909746, 11649463909746, 11649463909746, 11649463909746, 11649463909746, 11649463909746, 11649463909746, 11649463909746, 11649469321007, 11649535882390, 11649879758697, 11650164334063]
[11649463909746, 11649463909746, 11649463909746, 11649463909746, 11649463909746, 11649463909746, 11649463909746, 11649463909746, 11649463909746, 11649463909746, 11649463909746, 11649463909746, 11649463909746, 11649463909746, 11649463909746, 11649463909746, 11649463909746, 11649463909746, 11649463909746, 11649463909746, 11649463909746, 11649463909746, 11649463909746, 11649463909746, 11649463909746, 11649463909746, 11649463909746, 11649469321007, 11649535882390, 11649879758697, 11650164334063]
OCR for disconnect

5859.8M/309Mtokeri slav+24
OCR for Custom
[[[[[90.0, 24.0], [176.0, 24.0], [176.0, 59.0], [90.0, 59.0]], ('37.4', 0.9998862147331238)]]]
Pixel Colour: 8517778, Backpack Percentage: 50.
OCR for Custom
[[[[[89.0, 24.0], [176.0, 24.0], [176.0, 59.0], [89.0, 59.0]], ('37.4', 0.9999473094940186)]]]
[19:30:13] **Hourly Report** - 
OCR for Custom
[[[[[89.0, 24.0], [175.0, 21.0], [176.0, 60.0], [90.0, 63.0]], ('37.4', 0.9998632669448853)]]]
OCR for disconnect

91+124 
Pixel Colour: 8517521, Backpack Percentage: 50.
OCR for Custom
[[[[[90.0, 24.0], [176.0, 24.0], [176.0, 60.0], [90.0, 60.0]], ('37.4', 0.9998764991760254)]]]
OCR for Custom
[[[[[88.0, 24.0], [176.0, 21.0], [177.0, 61.0], [89.0, 64.0]], ('37.4', 0.9999009966850281)]]]
OCR for Custom
[[[[[86.0, 20.0], [134.0, 20.0], [134.0, 66.0], [86.0, 66.0]], ('34', 0.9999541640281677)]]]
OCR for disconnect

104token slav
Pixel Colour: 8517778, Backpack Percentage: 50.
OCR for Custom
[[[[[86.0, 20.0], [134.0, 20.0], [134.0, 66.0], [86.0, 66.0]], ('34', 0.9999541640281677)]]]
OCR for Custom
[[[[[86.0, 20.0], [134.0, 20.0], [134.0, 66.0], [86.0, 66.0]], ('34', 0.9999541640281677)]]]
OCR for Custom
[[[[[86.0, 20.0], [134.0, 20.0], [134.0, 66.0], [86.0, 66.0]], ('28', 0.9999353885650635)]]]
OCR for disconnect

11778.0M/309Mdyav11
Pixel Colour: 8517264, Backpack Percentage: 50.
OCR for Custom
[[[[[86.0, 20.0], [134.0, 20.0], [134.0, 66.0], [86.0, 66.0]], ('28', 0.9999353885650635)]]]
OCR for Custom
[[[[[86.0, 20.0], [134.0, 20.0], [134.0, 66.0], [86.0, 66.0]], ('28', 0.9999353885650635)]]]
OCR for Custom
[[[[[86.0, 20.0], [134.0, 20.0], [134.0, 66.0], [86.0, 66.0]], ('28', 0.9999353885650635)]]]
OCR for disconnect

138tcken slav
Pixel Colour: 8517264, Backpack Percentage: 50.
OCR for Custom
[[[[[86.0, 20.0], [134.0, 20.0], [134.0, 66.0], [86.0, 66.0]], ('28', 0.9999353885650635)]]]
OCR for Custom
[[[[[86.0, 20.0], [134.0, 20.0], [134.0, 66.0], [86.0, 66.0]], ('28', 0.9999353885650635)]]]
OCR for Custom
[[[[[86.0, 20.0], [134.0, 20.0], [134.0, 66.0], [86.0, 66.0]], ('28', 0.9999353885650635)]]]
OCR for disconnect

158token slay
Pixel Colour: 8517264, Backpack Percentage: 50.
OCR for Custom
[[[[[87.0, 22.0], [133.0, 22.0], [133.0, 65.0], [87.0, 65.0]], ('28', 0.9999489188194275)]]]
OCR for Custom
[[[[[87.0, 22.0], [133.0, 22.0], [133.0, 64.0], [87.0, 64.0]], ('28', 0.9999676942825317)]]]
OCR for Custom
[[[[[87.0, 22.0], [133.0, 22.0], [133.0, 65.0], [87.0, 65.0]], ('28', 0.9999489188194275)]]]
OCR for disconnect

146M/258M
Pixel Colour: 8517008, Backpack Percentage: 50.
OCR for Custom
[[[[[86.0, 20.0], [134.0, 20.0], [134.0, 66.0], [86.0, 66.0]], ('28', 0.9999353885650635)]]]
OCR for Custom
[[[[[86.0, 20.0], [134.0, 20.0], [134.0, 66.0], [86.0, 66.0]], ('34', 0.9999541640281677)]]]
OCR for Custom
[[[[[87.0, 23.0], [131.0, 19.0], [134.0, 61.0], [89.0, 64.0]], ('34', 0.9999191164970398)]]]
OCR for disconnect

+124+124token slav
Pixel Colour: 8451215, Backpack Percentage: 30.
OCR for Custom
[[[[[86.0, 20.0], [134.0, 20.0], [134.0, 66.0], [86.0, 66.0]], ('34', 0.9999541640281677)]]]
OCR for Custom
[[[[[87.0, 21.0], [133.0, 21.0], [133.0, 64.0], [87.0, 64.0]], ('34', 0.9999445080757141)]]]
OCR for disconnect


Pixel Colour: 8451215, Backpack Percentage: 30.
OCR for Custom
[[[[[86.0, 22.0], [131.0, 18.0], [133.0, 61.0], [88.0, 64.0]], ('34', 0.9999292492866516)]]]
OCR for Custom
[[[[[86.0, 23.0], [131.0, 19.0], [134.0, 59.0], [89.0, 63.0]], ('34', 0.9999569058418274)]]]
OCR for Custom
[[[[[90.0, 24.0], [177.0, 24.0], [177.0, 59.0], [90.0, 59.0]], ('37.4', 0.999904990196228)]]]
OCR for disconnect

174
Pixel Colour: 8516751, Backpack Percentage: 50.
OCR for Custom
[[[[[90.0, 24.0], [176.0, 24.0], [176.0, 59.0], [90.0, 59.0]], ('37.4', 0.9998862147331238)]]]
11651094849339
OCR for Custom
[[[[[90.0, 24.0], [176.0, 24.0], [176.0, 60.0], [90.0, 60.0]], ('37.4', 0.9998764991760254)]]]
OCR for Custom
[[[[[89.0, 24.0], [177.0, 24.0], [177.0, 59.0], [89.0, 59.0]], ('37.4', 0.9999529123306274)]]]
OCR for disconnect


Pixel Colour: 8450959, Backpack Percentage: 30.
OCR for Custom
[[[[[88.0, 22.0], [177.0, 22.0], [177.0, 62.0], [88.0, 62.0]], ('52.8', 0.9997826814651489)]]]
OCR for Custom
[[[[[88.0, 20.0], [177.0, 23.0], [176.0, 64.0], [87.0, 61.0]], ('44.2', 0.9998982548713684)]]]
OCR for Custom
[[[[[88.0, 20.0], [177.0, 23.0], [176.0, 63.0], [87.0, 60.0]], ('44.2', 0.9999358654022217)]]]
OCR for disconnect


Pixel Colour: 8450959, Backpack Percentage: 30.
OCR for Custom
[[[[[88.0, 20.0], [177.0, 23.0], [176.0, 64.0], [87.0, 61.0]], ('44.2', 0.9998982548713684)]]]
OCR for Custom
[[[[[88.0, 20.0], [177.0, 23.0], [176.0, 65.0], [87.0, 62.0]], ('44.2', 0.9998745322227478)]]]
OCR for Custom
[[[[[89.0, 21.0], [176.0, 24.0], [175.0, 60.0], [88.0, 57.0]], ('44.2', 0.9998689889907837)]]]
OCR for disconnect


Pixel Colour: 8450959, Backpack Percentage: 30.
OCR for Custom
[[[[[90.0, 24.0], [176.0, 24.0], [176.0, 60.0], [90.0, 60.0]], ('36.4', 0.9999332427978516)]]]
OCR for Custom
[[[[[90.0, 24.0], [176.0, 24.0], [176.0, 60.0], [90.0, 60.0]], ('36.4', 0.9999332427978516)]]]
OCR for disconnect

+136
Pixel Colour: 8451215, Backpack Percentage: 30.
OCR for Custom
[[[[[90.0, 24.0], [176.0, 24.0], [176.0, 59.0], [90.0, 59.0]], ('36.4', 0.9999439716339111)]]]
OCR for Custom
[[[[[90.0, 24.0], [176.0, 24.0], [176.0, 59.0], [90.0, 59.0]], ('36.4', 0.9999439716339111)]]]
OCR for Custom
[[[[[87.0, 22.0], [133.0, 22.0], [133.0, 62.0], [87.0, 62.0]], ('28', 0.9999549984931946)]]]
OCR for disconnect


Pixel Colour: 8451215, Backpack Percentage: 30.
OCR for Custom
[[[[[88.0, 24.0], [133.0, 24.0], [133.0, 61.0], [88.0, 61.0]], ('28', 0.9999565482139587)]]]
OCR for Custom
[[[[[87.0, 22.0], [133.0, 22.0], [133.0, 62.0], [87.0, 62.0]], ('28', 0.9999549984931946)]]]
OCR for Custom
[[[[[89.0, 24.0], [131.0, 24.0], [131.0, 60.0], [89.0, 60.0]], ('34', 0.9998445510864258)]]]
OCR for disconnect

+136
Pixel Colour: 8517008, Backpack Percentage: 50.
OCR for Custom
[[[[[88.0, 24.0], [130.0, 21.0], [132.0, 58.0], [90.0, 62.0]], ('34', 0.9999085664749146)]]]
OCR for Custom
[[[[[87.0, 21.0], [133.0, 21.0], [133.0, 64.0], [87.0, 64.0]], ('34', 0.9999445080757141)]]]
OCR for Custom
[[[[[86.0, 20.0], [134.0, 20.0], [134.0, 66.0], [86.0, 66.0]], ('34', 0.9999541640281677)]]]
OCR for disconnect


Pixel Colour: 8517008, Backpack Percentage: 50.
OCR for Custom
[[[[[86.0, 20.0], [134.0, 20.0], [134.0, 66.0], [86.0, 66.0]], ('34', 0.9999541640281677)]]]
OCR for Custom
[[[[[86.0, 22.0], [131.0, 18.0], [133.0, 60.0], [89.0, 63.0]], ('34', 0.9999251961708069)]]]
OCR for disconnect

mslavEIE
Pixel Colour: 8517008, Backpack Percentage: 50.
OCR for Custom
[[[[[86.0, 20.0], [134.0, 20.0], [134.0, 66.0], [86.0, 66.0]], ('34', 0.9999541640281677)]]]
OCR for Custom
[[[[[90.0, 24.0], [176.0, 24.0], [176.0, 60.0], [90.0, 60.0]], ('37.4', 0.9998764991760254)]]]
OCR for Custom
[[[[[90.0, 24.0], [176.0, 24.0], [176.0, 59.0], [90.0, 59.0]], ('37.4', 0.9998862147331238)]]]
OCR for disconnect

token slav24
Pixel Colour: 8517007, Backpack Percentage: 50.
OCR for Custom
[[[[[90.0, 24.0], [176.0, 24.0], [176.0, 60.0], [90.0, 60.0]], ('37.4', 0.9998764991760254)]]]
OCR for Custom
[[[[[90.0, 24.0], [176.0, 24.0], [176.0, 60.0], [90.0, 60.0]], ('37.4', 0.9998764991760254)]]]
OCR for Custom
[[[[[90.0, 24.0], [176.0, 24.0], [176.0, 59.0], [90.0, 59.0]], ('37.4', 0.9998862147331238)]]]
OCR for disconnect

2
Pixel Colour: 8517007, Backpack Percentage: 50.
OCR for Custom
[[[[[90.0, 24.0], [176.0, 24.0], [176.0, 60.0], [90.0, 60.0]], ('37.4', 0.9998764991760254)]]]
OCR for Custom
[[[[[90.0, 24.0], [176.0, 24.0], [176.0, 59.0], [90.0, 59.0]], ('37.4', 0.9998862147331238)]]]
OCR for Custom
[[[[[90.0, 24.0], [176.0, 24.0], [176.0, 60.0], [90.0, 60.0]], ('37.4', 0.9998764991760254)]]]
OCR for disconnect

14
Pixel Colour: 8451215, Backpack Percentage: 30.
OCR for Custom
[[[[[90.0, 24.0], [176.0, 24.0], [176.0, 59.0], [90.0, 59.0]], ('37.4', 0.9998862147331238)]]]
11651376480621
OCR for Custom
[[[[[90.0, 24.0], [176.0, 24.0], [176.0, 59.0], [90.0, 59.0]], ('30.8', 0.9999403357505798)]]]
OCR for Custom
[[[[[86.0, 20.0], [134.0, 20.0], [134.0, 66.0], [86.0, 66.0]], ('28', 0.9999353885650635)]]]
OCR for Custom
[[[[[86.0, 20.0], [134.0, 20.0], [134.0, 66.0], [86.0, 66.0]], ('34', 0.9999541640281677)]]]
OCR for disconnect

27+1240token ainy0
Pixel Colour: 8451215, Backpack Percentage: 30.
OCR for Custom
[[[[[86.0, 20.0], [134.0, 20.0], [134.0, 66.0], [86.0, 66.0]], ('34', 0.9999541640281677)]]]
OCR for Custom
[[[[[86.0, 20.0], [135.0, 20.0], [135.0, 66.0], [86.0, 66.0]], ('34', 0.9999581575393677)]]]
OCR for Custom
[[[[[87.0, 21.0], [133.0, 21.0], [133.0, 64.0], [87.0, 64.0]], ('34', 0.9999445080757141)]]]
OCR for disconnect

46slavtokent
Pixel Colour: 8516751, Backpack Percentage: 50.
OCR for Custom
[[[[[86.0, 20.0], [134.0, 20.0], [134.0, 66.0], [86.0, 66.0]], ('34', 0.9999541640281677)]]]
OCR for Custom
[[[[[86.0, 19.0], [134.0, 19.0], [134.0, 66.0], [86.0, 66.0]], ('34', 0.9999598860740662)]]]
OCR for Custom
[[[[[89.0, 24.0], [131.0, 24.0], [131.0, 60.0], [89.0, 60.0]], ('34', 0.9998445510864258)]]]
OCR for disconnect

2464tokenslay
Pixel Colour: 8450959, Backpack Percentage: 30.
OCR for Custom
[[[[[86.0, 20.0], [135.0, 20.0], [135.0, 66.0], [86.0, 66.0]], ('34', 0.9999581575393677)]]]
OCR for Custom
[[[[[86.0, 20.0], [134.0, 20.0], [134.0, 66.0], [86.0, 66.0]], ('34', 0.9999541640281677)]]]
OCR for Custom
[[[[[86.0, 20.0], [134.0, 20.0], [134.0, 66.0], [86.0, 66.0]], ('34', 0.9999541640281677)]]]
OCR for disconnect

token st
Pixel Colour: 8450959, Backpack Percentage: 30.
OCR for Custom
[[[[[90.0, 24.0], [176.0, 24.0], [176.0, 60.0], [90.0, 60.0]], ('37.4', 0.9998764991760254)]]]
OCR for Custom
[[[[[89.0, 22.0], [177.0, 22.0], [177.0, 62.0], [89.0, 62.0]], ('37.4', 0.999864935874939)]]]
OCR for Custom
[[[[[89.0, 22.0], [177.0, 22.0], [177.0, 62.0], [89.0, 62.0]], ('37.4', 0.999864935874939)]]]
OCR for disconnect

9286
Pixel Colour: 8451215, Backpack Percentage: 30.
OCR for Custom
[[[[[90.0, 24.0], [175.0, 24.0], [175.0, 60.0], [90.0, 60.0]], ('30.8', 0.999903678894043)]]]
OCR for Custom
[[[[[89.0, 22.0], [176.0, 22.0], [176.0, 62.0], [89.0, 62.0]], ('30.8', 0.9999597072601318)]]]
OCR for disconnect

token slav
OCR for Custom
[[[[[89.0, 22.0], [177.0, 22.0], [177.0, 62.0], [89.0, 62.0]], ('36.4', 0.9999184608459473)]]]
Pixel Colour: 8451215, Backpack Percentage: 30.
OCR for Custom
[[[[[90.0, 24.0], [176.0, 24.0], [176.0, 60.0], [90.0, 60.0]], ('36.4', 0.9999332427978516)]]]
OCR for Custom
[[[[[89.0, 22.0], [177.0, 22.0], [177.0, 64.0], [89.0, 64.0]], ('36.4', 0.9999136328697205)]]]
OCR for disconnect


Pixel Colour: 8516751, Backpack Percentage: 50.
OCR for Custom
[[[[[87.0, 18.0], [178.0, 22.0], [177.0, 67.0], [86.0, 63.0]], ('44.2', 0.9998835325241089)]]]
OCR for Custom
[[[[[87.0, 18.0], [178.0, 22.0], [177.0, 68.0], [86.0, 65.0]], ('44.2', 0.9998866319656372)]]]
OCR for Custom
[[[[[87.0, 18.0], [178.0, 22.0], [177.0, 67.0], [86.0, 63.0]], ('44.2', 0.9998835325241089)]]]
OCR for disconnect

396M
Pixel Colour: 8516751, Backpack Percentage: 50.
OCR for Custom
[[[[[87.0, 18.0], [178.0, 22.0], [177.0, 68.0], [86.0, 65.0]], ('44.2', 0.9998878836631775)]]]
OCR for Custom
[[[[[88.0, 20.0], [177.0, 23.0], [176.0, 63.0], [87.0, 60.0]], ('44.2', 0.9999358654022217)]]]
OCR for Custom
[[[[[87.0, 18.0], [178.0, 22.0], [177.0, 67.0], [86.0, 63.0]], ('44.2', 0.9998832941055298)]]]
OCR for disconnect

3.38M/328MN
Pixel Colour: 8450703, Backpack Percentage: 30.
OCR for Custom
[[[[[89.0, 21.0], [176.0, 24.0], [175.0, 60.0], [88.0, 57.0]], ('44.2', 0.9998689889907837)]]]
11651675649624
OCR for Custom
[[[[[88.0, 20.0], [177.0, 23.0], [176.0, 63.0], [87.0, 60.0]], ('47.6', 0.9998437762260437)]]]
OCR for Custom
[[[[[88.0, 20.0], [177.0, 23.0], [176.0, 64.0], [87.0, 61.0]], ('47.6', 0.9998253583908081)]]]
OCR for Custom
[[[[[86.0, 18.0], [178.0, 22.0], [177.0, 67.0], [85.0, 63.0]], ('47.6', 0.9999042749404907)]]]
OCR for disconnect

+12411:25slavtol
Pixel Colour: 8450190, Backpack Percentage: 30.
OCR for Custom
[[[[[88.0, 20.0], [177.0, 23.0], [176.0, 64.0], [87.0, 61.0]], ('47.6', 0.9998253583908081)]]]
OCR for Custom
[[[[[88.0, 20.0], [177.0, 23.0], [176.0, 64.0], [87.0, 61.0]], ('47.6', 0.9998253583908081)]]]
OCR for Custom
[[[[[86.0, 19.0], [131.0, 19.0], [131.0, 66.0], [86.0, 66.0]], ('51', 0.9996421933174133)]]]
OCR for disconnect

11:19
Pixel Colour: 8450189, Backpack Percentage: 30.
OCR for Custom
[[[[[86.0, 21.0], [130.0, 21.0], [130.0, 65.0], [86.0, 65.0]], ('51', 0.9995405673980713)]]]
OCR for Custom
[[[[[86.0, 21.0], [130.0, 21.0], [130.0, 65.0], [86.0, 65.0]], ('51', 0.9995405673980713)]]]
OCR for disconnect

124
Pixel Colour: 8450189, Backpack Percentage: 30.
OCR for Custom
[[[[[85.0, 20.0], [135.0, 20.0], [135.0, 66.0], [85.0, 66.0]], ('42', 0.9998766183853149)]]]
OCR for Custom
[[[[[85.0, 19.0], [135.0, 19.0], [135.0, 66.0], [85.0, 66.0]], ('42', 0.9999035000801086)]]]
OCR for Custom
[[[[[88.0, 20.0], [176.0, 23.0], [175.0, 64.0], [87.0, 61.0]], ('44.8', 0.9678874015808105)]]]
OCR for disconnect

16.4M /397M408k316M0/316M
Pixel Colour: 8450189, Backpack Percentage: 30.
OCR for Custom
[[[[[88.0, 20.0], [176.0, 23.0], [175.0, 64.0], [87.0, 61.0]], ('44.8', 0.9678874015808105)]]]
OCR for Custom
[[[[[87.0, 18.0], [178.0, 22.0], [177.0, 67.0], [86.0, 63.0]], ('44.8', 0.999874472618103)]]]
OCR for Custom
[[[[[88.0, 20.0], [177.0, 23.0], [176.0, 65.0], [87.0, 62.0]], ('44.8', 0.9998660087585449)]]]
OCR for disconnect

6411:02
Pixel Colour: 8449933, Backpack Percentage: 30.
OCR for Custom
[[[[[88.0, 20.0], [176.0, 23.0], [175.0, 64.0], [87.0, 61.0]], ('44.8', 0.9678874015808105)]]]
OCR for Custom
[[[[[89.0, 24.0], [176.0, 24.0], [176.0, 60.0], [89.0, 60.0]], ('54.4', 0.999792754650116)]]]
OCR for Custom
[[[[[89.0, 24.0], [176.0, 24.0], [176.0, 60.0], [89.0, 60.0]], ('54.4', 0.999792754650116)]]]
OCR for disconnect

05M/316Mtokenslav
Pixel Colour: 8449933, Backpack Percentage: 30.
OCR for Custom
[[[[[88.0, 22.0], [177.0, 22.0], [177.0, 62.0], [88.0, 62.0]], ('54.4', 0.955906867980957)]]]
OCR for Custom
[[[[[89.0, 24.0], [176.0, 24.0], [176.0, 60.0], [89.0, 60.0]], ('54.4', 0.999792754650116)]]]
OCR for Custom
[[[[[89.0, 24.0], [176.0, 24.0], [176.0, 60.0], [89.0, 60.0]], ('54.4', 0.999792754650116)]]]
OCR for disconnect

kenslav
Pixel Colour: 8451215, Backpack Percentage: 30.
OCR for Custom
[[[[[86.0, 20.0], [134.0, 20.0], [134.0, 66.0], [86.0, 66.0]], ('34', 0.9999541640281677)]]]
OCR for Custom
[[[[[86.0, 20.0], [134.0, 20.0], [134.0, 66.0], [86.0, 66.0]], ('34', 0.9999541640281677)]]]
OCR for Custom
[[[[[86.0, 20.0], [135.0, 20.0], [135.0, 66.0], [86.0, 66.0]], ('34', 0.9999581575393677)]]]
OCR for disconnect


Pixel Colour: 8451215, Backpack Percentage: 30.
OCR for Custom
[[[[[89.0, 22.0], [178.0, 22.0], [178.0, 62.0], [89.0, 62.0]], ('37.4', 0.999873697757721)]]]
OCR for Custom
[[[[[89.0, 22.0], [177.0, 22.0], [177.0, 62.0], [89.0, 62.0]], ('37.4', 0.999864935874939)]]]
OCR for Custom
[[[[[90.0, 24.0], [176.0, 24.0], [176.0, 60.0], [90.0, 60.0]], ('37.4', 0.9998764991760254)]]]
OCR for disconnect

59+124+124
Pixel Colour: 8516751, Backpack Percentage: 50.
OCR for Custom
[[[[[89.0, 25.0], [175.0, 22.0], [176.0, 60.0], [90.0, 63.0]], ('37.4', 0.9999380707740784)]]]
OCR for Custom
[[[[[87.0, 18.0], [178.0, 22.0], [177.0, 67.0], [86.0, 63.0]], ('44.2', 0.9998829364776611)]]]
OCR for Custom
[[[[[88.0, 20.0], [177.0, 23.0], [176.0, 64.0], [87.0, 61.0]], ('44.2', 0.9998982548713684)]]]
OCR for disconnect


Pixel Colour: 8449933, Backpack Percentage: 30.
OCR for Custom
[[[[[89.0, 24.0], [177.0, 24.0], [177.0, 60.0], [89.0, 60.0]], ('36.4', 0.9999504685401917)]]]
11652047417989
OCR for Custom
[[[[[89.0, 22.0], [177.0, 22.0], [177.0, 62.0], [89.0, 62.0]], ('36.4', 0.9999184608459473)]]]
OCR for Custom
[[[[[89.0, 22.0], [177.0, 22.0], [177.0, 62.0], [89.0, 62.0]], ('36.4', 0.9999184608459473)]]]
OCR for Custom
[[[[[89.0, 22.0], [177.0, 22.0], [177.0, 62.0], [89.0, 62.0]], ('36.4', 0.9999184608459473)]]]
OCR for Custom
[[[[[90.0, 24.0], [176.0, 24.0], [176.0, 60.0], [90.0, 60.0]], ('36.4', 0.9999332427978516)]]]
OCR for disconnect

45tokerisiay1124
Pixel Colour: 8449677, Backpack Percentage: 30.
OCR for Custom
[[[[[88.0, 22.0], [177.0, 22.0], [177.0, 64.0], [88.0, 64.0]], ('36.4', 0.9999250173568726)]]]
OCR for Custom
[[[[[88.0, 22.0], [177.0, 22.0], [177.0, 64.0], [88.0, 64.0]], ('36.4', 0.9999250173568726)]]]
OCR for Custom
[[[[[89.0, 22.0], [177.0, 22.0], [177.0, 64.0], [89.0, 64.0]], ('36.4', 0.9999136328697205)]]]
OCR for disconnect

53
Pixel Colour: 8449677, Backpack Percentage: 30.
OCR for Custom
[[[[[90.0, 24.0], [176.0, 24.0], [176.0, 60.0], [90.0, 60.0]], ('30.8', 0.9999094605445862)]]]
OCR for Custom
[[[[[89.0, 22.0], [177.0, 22.0], [177.0, 62.0], [89.0, 62.0]], ('30.8', 0.9999625086784363)]]]
OCR for Custom
[[[[[89.0, 22.0], [177.0, 22.0], [177.0, 62.0], [89.0, 62.0]], ('30.8', 0.9999625086784363)]]]
OCR for disconnect

65slav
Pixel Colour: 8449677, Backpack Percentage: 30.
OCR for Custom
[[[[[89.0, 22.0], [177.0, 22.0], [177.0, 62.0], [89.0, 62.0]], ('30.8', 0.9999625086784363)]]]
OCR for Custom
[[[[[89.0, 22.0], [177.0, 22.0], [177.0, 62.0], [89.0, 62.0]], ('30.8', 0.9999625086784363)]]]
OCR for Custom
[[[[[89.0, 22.0], [177.0, 22.0], [177.0, 62.0], [89.0, 62.0]], ('30.8', 0.9999625086784363)]]]
OCR for disconnect

81+124token slay
Pixel Colour: 8383884, Backpack Percentage: 30.
OCR for Custom
[[[[[89.0, 22.0], [177.0, 22.0], [177.0, 64.0], [89.0, 64.0]], ('30.8', 0.9999276399612427)]]]
[19:34:33] Macro Stopped - 
[11649463909746, 11649463909746, 11649463909746, 11649463909746, 11649463909746, 11649463909746, 11649463909746, 11649463909746, 11649463909746, 11649463909746, 11649463909746, 11649463909746, 11649463909746, 11649463909746, 11649463909746, 11649463909746, 11649463909746, 11649463909746, 11649463909746, 11649463909746, 11649463909746, 11649463909746, 11649463909746, 11649463909746, 11649463909746, 11649463909746, 11649463909746, 11649469321007, 11649535882390, 11649879758697, 11650164334063, 11651094849339, 11651376480621, 11651675649624, 11652047417989, 11649463909746, 11649463909746, 11649463909746, 11649463909746, 11649463909746, 11649463909746, 11649463909746, 11649463909746, 11649463909746, 11649463909746, 11649463909746, 11649463909746, 11649463909746, 11649463909746, 11649463909746, 11649463909746, 11649463909746, 11649463909746, 11649463909746, 11649463909746, 11649463909746, 11649463909746, 11649463909746, 11649463909746, 11649463909746]
prev honey: 11649463909746
[11649463909746, 11649463909746, 11649463909746, 11649463909746, 11649463909746, 11649463909746, 11649463909746, 11649463909746, 11649463909746, 11649463909746, 11649463909746, 11649463909746, 11649463909746, 11649463909746, 11649463909746, 11649463909746, 11649463909746, 11649463909746, 11649463909746, 11649463909746, 11649463909746, 11649463909746, 11649463909746, 11649463909746, 11649463909746, 11649463909746, 11649463909746, 11649469321007, 11649535882390, 11649879758697, 11650164334063, 11651094849339, 11651376480621, 11651675649624, 11652047417989]
[11649463909746, 11649463909746, 11649463909746, 11649463909746, 11649463909746, 11649463909746, 11649463909746, 11649463909746, 11649463909746, 11649463909746, 11649463909746, 11649463909746, 11649463909746, 11649463909746, 11649463909746, 11649463909746, 11649463909746, 11649463909746, 11649463909746, 11649463909746, 11649463909746, 11649463909746, 11649463909746, 11649463909746, 11649463909746, 11649463909746, 11649463909746, 11649469321007, 11649535882390, 11649879758697, 11650164334063, 11651094849339, 11651376480621, 11651675649624, 11652047417989]
[19:46:58] **Hourly Report** - 
[11649463909746, 11649463909746, 11649463909746, 11649463909746, 11649463909746, 11649463909746, 11649463909746, 11649463909746, 11649463909746, 11649463909746, 11649463909746, 11649463909746, 11649463909746, 11649463909746, 11649463909746, 11649463909746, 11649463909746, 11649463909746, 11649463909746, 11649463909746, 11649463909746, 11649463909746, 11649463909746, 11649463909746, 11649463909746, 11649463909746, 11649463909746, 11649469321007, 11649535882390, 11649879758697, 11650164334063, 11651094849339, 11651376480621, 11651675649624, 11652047417989, 11649463909746, 11649463909746, 11649463909746, 11649463909746, 11649463909746, 11649463909746, 11649463909746, 11649463909746, 11649463909746, 11649463909746, 11649463909746, 11649463909746, 11649463909746, 11649463909746, 11649463909746, 11649463909746, 11649463909746, 11649463909746, 11649463909746, 11649463909746, 11649463909746, 11649463909746, 11649463909746, 11649463909746, 11649463909746]
prev honey: 11649463909746
[11649463909746, 11649463909746, 11649463909746, 11649463909746, 11649463909746, 11649463909746, 11649463909746, 11649463909746, 11649463909746, 11649463909746, 11649463909746, 11649463909746, 11649463909746, 11649463909746, 11649463909746, 11649463909746, 11649463909746, 11649463909746, 11649463909746, 11649463909746, 11649463909746, 11649463909746, 11649463909746, 11649463909746, 11649463909746, 11649463909746, 11649463909746, 11649469321007, 11649535882390, 11649879758697, 11650164334063, 11651094849339, 11651376480621, 11651675649624, 11652047417989]
[11649463909746, 11649463909746, 11649463909746, 11649463909746, 11649463909746, 11649463909746, 11649463909746, 11649463909746, 11649463909746, 11649463909746, 11649463909746, 11649463909746, 11649463909746, 11649463909746, 11649463909746, 11649463909746, 11649463909746, 11649463909746, 11649463909746, 11649463909746, 11649463909746, 11649463909746, 11649463909746, 11649463909746, 11649463909746, 11649463909746, 11649463909746, 11649469321007, 11649535882390, 11649879758697, 11650164334063, 11651094849339, 11651376480621, 11651675649624, 11652047417989]
[19:48:01] **Hourly Report** - 
[11649463909746, 11649463909746, 11649463909746, 11649463909746, 11649463909746, 11649463909746, 11649463909746, 11649463909746, 11649463909746, 11649463909746, 11649463909746, 11649463909746, 11649463909746, 11649463909746, 11649463909746, 11649463909746, 11649463909746, 11649463909746, 11649463909746, 11649463909746, 11649463909746, 11649463909746, 11649463909746, 11649463909746, 11649463909746, 11649463909746, 11649463909746, 11649469321007, 11649535882390, 11649879758697, 11650164334063, 11651094849339, 11651376480621, 11651675649624, 11652047417989, 11649463909746, 11649463909746, 11649463909746, 11649463909746, 11649463909746, 11649463909746, 11649463909746, 11649463909746, 11649463909746, 11649463909746, 11649463909746, 11649463909746, 11649463909746, 11649463909746, 11649463909746, 11649463909746, 11649463909746, 11649463909746, 11649463909746, 11649463909746, 11649463909746, 11649463909746, 11649463909746, 11649463909746, 11649463909746]
prev honey: 11649463909746
[11649463909746, 11649463909746, 11649463909746, 11649463909746, 11649463909746, 11649463909746, 11649463909746, 11649463909746, 11649463909746, 11649463909746, 11649463909746, 11649463909746, 11649463909746, 11649463909746, 11649463909746, 11649463909746, 11649463909746, 11649463909746, 11649463909746, 11649463909746, 11649463909746, 11649463909746, 11649463909746, 11649463909746, 11649463909746, 11649463909746, 11649463909746, 11649469321007, 11649535882390, 11649879758697, 11650164334063, 11651094849339, 11651376480621, 11651675649624, 11652047417989]
[11649463909746, 11649463909746, 11649463909746, 11649463909746, 11649463909746, 11649463909746, 11649463909746, 11649463909746, 11649463909746, 11649463909746, 11649463909746, 11649463909746, 11649463909746, 11649463909746, 11649463909746, 11649463909746, 11649463909746, 11649463909746, 11649463909746, 11649463909746, 11649463909746, 11649463909746, 11649463909746, 11649463909746, 11649463909746, 11649463909746, 11649463909746, 11649469321007, 11649535882390, 11649879758697, 11650164334063, 11651094849339, 11651376480621, 11651675649624, 11652047417989]
[19:50:15] **Hourly Report** - 
[11649463909746, 11649463909746, 11649463909746, 11649463909746, 11649463909746, 11649463909746, 11649463909746, 11649463909746, 11649463909746, 11649463909746, 11649463909746, 11649463909746, 11649463909746, 11649463909746, 11649463909746, 11649463909746, 11649463909746, 11649463909746, 11649463909746, 11649463909746, 11649463909746, 11649463909746, 11649463909746, 11649463909746, 11649463909746, 11649463909746, 11649463909746, 11649469321007, 11649535882390, 11649879758697, 11650164334063, 11651094849339, 11651376480621, 11651675649624, 11652047417989, 11649463909746, 11649463909746, 11649463909746, 11649463909746, 11649463909746, 11649463909746, 11649463909746, 11649463909746, 11649463909746, 11649463909746, 11649463909746, 11649463909746, 11649463909746, 11649463909746, 11649463909746, 11649463909746, 11649463909746, 11649463909746, 11649463909746, 11649463909746, 11649463909746, 11649463909746, 11649463909746, 11649463909746, 11649463909746]
prev honey: 11649463909746
[11649463909746, 11649463909746, 11649463909746, 11649463909746, 11649463909746, 11649463909746, 11649463909746, 11649463909746, 11649463909746, 11649463909746, 11649463909746, 11649463909746, 11649463909746, 11649463909746, 11649463909746, 11649463909746, 11649463909746, 11649463909746, 11649463909746, 11649463909746, 11649463909746, 11649463909746, 11649463909746, 11649463909746, 11649463909746, 11649463909746, 11649463909746, 11649469321007, 11649535882390, 11649879758697, 11650164334063, 11651094849339, 11651376480621, 11651675649624, 11652047417989]
[11649463909746, 11649463909746, 11649463909746, 11649463909746, 11649463909746, 11649463909746, 11649463909746, 11649463909746, 11649463909746, 11649463909746, 11649463909746, 11649463909746, 11649463909746, 11649463909746, 11649463909746, 11649463909746, 11649463909746, 11649463909746, 11649463909746, 11649463909746, 11649463909746, 11649463909746, 11649463909746, 11649463909746, 11649463909746, 11649463909746, 11649463909746, 11649469321007, 11649535882390, 11649879758697, 11650164334063, 11651094849339, 11651376480621, 11651675649624, 11652047417989]
[19:50:59] **Hourly Report** - 
