Your macro version is 1.50.4


display type: retina
Screen coordinates: 2880x1800
[12:16:47] Macro started - Report - exih_macro
Version 1.50.4
Screen Coordinates: 2880x1800
Python 3.9.5
[]
OCR for Custom
[[[[[29.0, 23.0], [122.0, 27.0], [120.0, 54.0], [27.0, 50.0]], ('Honey', 0.9989080429077148)], [[[146.0, 26.0], [390.0, 24.0], [390.0, 50.0], [147.0, 52.0]], ('15,262,779,638,885', 0.997400164604187)], [[[630.0, 22.0], [727.0, 22.0], [727.0, 52.0], [630.0, 52.0]], ('Pollen', 0.9991915822029114)], [[[745.0, 21.0], [991.0, 21.0], [991.0, 53.0], [745.0, 53.0]], ('0/76,815,375', 0.9967954158782959)]]]
0,[[[[29.0, 23.0], [122.0, 27.0], [120.0, 54.0], [27.0, 50.0]], ('Honey', 0.9989080429077148)], [[[146.0, 26.0], [390.0, 24.0], [390.0, 50.0], [147.0, 52.0]], ('15,262,779,638,885', 0.997400164604187)], [[[630.0, 22.0], [727.0, 22.0], [727.0, 52.0], [630.0, 52.0]], ('Pollen', 0.9991915822029114)], [[[745.0, 21.0], [991.0, 21.0], [991.0, 53.0], [745.0, 53.0]], ('0/76,815,375', 0.9967954158782959)]]
[12:16:54]  - Detected: Old UI
Session Start
[12:16:56]  - Resetting character, Attempt: 1
PyNaCl is not installed, voice will NOT be supported
logging in using static token
Shard ID None has connected to Gateway (Session ID: 14588575e2d6045f94ecd50a82ef321d).
(100, 98, 100, 255)
(151, 131, 70, 255)
OCR for bee bear

To Make Honey, Collect Pollen
to make honey, collect pollen
[12:17:14]  - Starting convert
OCR for bee bear

To Make Honey, Collect Pollen
to make honey, collect pollen
[12:17:22]  - Convert done
OCR for disconnect

Caydanplays123token slavB
[12:17:29]  - Moving to cannon


OCR for bee bear



OCR for bee bear



OCR for bee bear

F
f
OCR for bee bear

Fire the Red CannonF
fire the red cannonf
[12:17:45]  - Cannon found
[12:17:46]  - Travelling: Polar Bear (quest) 
E
[12:18:00]  - First Honey detected: 15.26 T
15262779801592
OCR for Custom
[[[[[104.0, 71.0], [535.0, 73.0], [535.0, 112.0], [104.0, 109.0]], ('Polar Bear: Spooky Stew', 0.9856237173080444)], [[[56.0, 150.0], [581.0, 152.0], [581.0, 176.0], [56.0, 174.0]], ('Collect 90,000 Pollen from the Spider Field', 0.9946581125259399)], [[[262.0, 184.0], [381.0, 184.0], [381.0, 210.0], [262.0, 210.0]], ('Complete!', 0.9965112209320068)], [[[37.0, 253.0], [602.0, 253.0], [602.0, 273.0], [37.0, 273.0]], ('Collect 65.000 Pollen from the Mushroom Field', 0.9931135177612305)], [[[260.0, 284.0], [381.0, 284.0], [381.0, 306.0], [260.0, 306.0]], ('0/65.000', 0.9996329545974731)], [[[215.0, 351.0], [420.0, 353.0], [420.0, 376.0], [215.0, 374.0]], ('Defeat 2 Spiders', 0.9679880142211914)], [[[262.0, 384.0], [381.0, 384.0], [381.0, 409.0], [262.0, 409.0]], ('Complete!', 0.9952907562255859)], [[[215.0, 452.0], [424.0, 452.0], [424.0, 474.0], [215.0, 474.0]], ('Defeat1 Werewolf', 0.9637725353240967)], [[[262.0, 484.0], [381.0, 484.0], [381.0, 509.0], [262.0, 509.0]], ('Complete!', 0.9952907562255859)], [[[113.0, 572.0], [527.0, 574.0], [527.0, 604.0], [113.0, 602.0]], ('Brown Bear: Mush-Clove', 0.9903908371925354)], [[[56.0, 651.0], [584.0, 653.0], [584.0, 674.0], [56.0, 673.0]], ('Collect 240.000.000 Pollen from the Clover', 0.9834677577018738)], [[[223.0, 681.0], [416.0, 683.0], [416.0, 711.0], [223.0, 709.0]], ('Field. Complete!', 0.986522912979126)]]]
[12:18:09]  - Quest detected: spooky stew.title()
15262779801592
15262779801592
0
0
0
